#
# A fatal error has been detected by the Java Runtime Environment:
#
#  EXCEPTION_ACCESS_VIOLATION (0xc0000005) at pc=0x00007fffb1c977e0, pid=7200, tid=23608
#
# JRE version: OpenJDK Runtime Environment Corretto-15.0.2.7.1 (15.0.2+7) (build 15.0.2+7)
# Java VM: OpenJDK 64-Bit Server VM Corretto-15.0.2.7.1 (15.0.2+7, mixed mode, sharing, tiered, compressed oops, g1 gc, windows-amd64)
# Problematic frame:
# C  [nvoglv64.dll+0x8277e0]
#
# No core dump will be written. Minidumps are not enabled by default on client versions of Windows
#
# If you would like to submit a bug report, please visit:
#   https://github.com/corretto/corretto-jdk/issues/
# The crash happened outside the Java Virtual Machine in native code.
# See problematic frame for where to report the bug.
#

---------------  S U M M A R Y ------------

Command Line: -javaagent:C:\Program Files\JetBrains\IntelliJ IDEA Community Edition 2021.1\lib\idea_rt.jar=52775:C:\Program Files\JetBrains\IntelliJ IDEA Community Edition 2021.1\bin -Dfile.encoding=UTF-8 cga.exercise.MainKt

Host: AMD Ryzen 7 5800X 8-Core Processor             , 16 cores, 31G,  Windows 10 , 64 bit Build 19041 (10.0.19041.928)
Time: Mon May 24 18:04:08 2021 Mitteleuropäische Sommerzeit elapsed time: 1.319716 seconds (0d 0h 0m 1s)

---------------  T H R E A D  ---------------

Current thread (0x000001a684d6d0e0):  JavaThread "main" [_thread_in_native, id=23608, stack(0x000000656db00000,0x000000656dc00000)]

Stack: [0x000000656db00000,0x000000656dc00000],  sp=0x000000656dbff2b0,  free space=1020k
Native frames: (J=compiled Java code, j=interpreted, Vv=VM code, C=native code)
C  [nvoglv64.dll+0x8277e0]

Java frames: (J=compiled Java code, j=interpreted, Vv=VM code)
j  org.lwjgl.opengl.GL11C.nglDrawElements(IIIJ)V+0
j  org.lwjgl.opengl.GL11C.glDrawElements(IIIJ)V+4
j  org.lwjgl.opengl.GL11.glDrawElements(IIIJ)V+4
j  cga.exercise.components.geometry.Mesh.render()V+16
j  cga.exercise.game.Scene.render(FF)V+46
j  cga.exercise.game.Game.render(FF)V+6
j  cga.framework.GameWindow.run()V+138
j  cga.exercise.MainKt.main()V+23
j  cga.exercise.MainKt.main([Ljava/lang/String;)V+0
v  ~StubRoutines::call_stub

siginfo: EXCEPTION_ACCESS_VIOLATION (0xc0000005), reading address 0x0000000000000000


Register to memory mapping:

RIP=0x00007fffb1c977e0 nvoglv64.dll
RAX=0x0 is NULL
RBX=0x0 is NULL
RCX=0x00000000ffffffff is an unknown value
RDX=0x000001a6b985fc20 points into unknown readable memory: 0x0000000000000000 | 00 00 00 00 00 00 00 00
RSP=0x000000656dbff2b0 is pointing into the stack for thread: 0x000001a684d6d0e0
RBP=0x0000000000000050 is an unknown value
RSI=0x0000000000000009 is an unknown value
RDI=0x000001a6b4f52080 points into unknown readable memory: 0x0000000000000000 | 00 00 00 00 00 00 00 00
R8 =0x0000000000000001 is an unknown value
R9 =0x000001a6b985fbf8 points into unknown readable memory: 0x0000000400028006 | 06 80 02 00 04 00 00 00
R10=0x000001a6b985fc10 points into unknown readable memory: 0x0000000000000000 | 00 00 00 00 00 00 00 00
R11=0x0000000000000001 is an unknown value
R12=0x000001a6b985fc20 points into unknown readable memory: 0x0000000000000000 | 00 00 00 00 00 00 00 00
R13=0x0000000000001405 is an unknown value
R14=0x0000000000000024 is an unknown value
R15=0x0 is NULL


Registers:
RAX=0x0000000000000000, RBX=0x0000000000000000, RCX=0x00000000ffffffff, RDX=0x000001a6b985fc20
RSP=0x000000656dbff2b0, RBP=0x0000000000000050, RSI=0x0000000000000009, RDI=0x000001a6b4f52080
R8 =0x0000000000000001, R9 =0x000001a6b985fbf8, R10=0x000001a6b985fc10, R11=0x0000000000000001
R12=0x000001a6b985fc20, R13=0x0000000000001405, R14=0x0000000000000024, R15=0x0000000000000000
RIP=0x00007fffb1c977e0, EFLAGS=0x0000000000010297

Top of Stack: (sp=0x000000656dbff2b0)
0x000000656dbff2b0:   000001a684d6d0e0 000000656dbff410
0x000000656dbff2c0:   000000656dbff3d0 00007fffbb33d9a7
0x000000656dbff2d0:   000000656dbff2f0 000001a682ad0520
0x000000656dbff2e0:   000000000017555d 000001a68d2ae1d1
0x000000656dbff2f0:   000001a6b31deaf8 000001a684d6d0e0
0x000000656dbff300:   0000000000000000 0000000000000000
0x000000656dbff310:   000001a684d6d0e0 000001a6b31deaf8
0x000000656dbff320:   0000000000000000 000001a68d28a1aa
0x000000656dbff330:   000001a6b2abf400 000001a68d28f177
0x000000656dbff340:   000000656dbff3d0 00007fffbb5c0401
0x000000656dbff350:   000000656dbff410 000001a6b31deaf8
0x000000656dbff360:   000001a600001405 0000000000000000
0x000000656dbff370:   000001a68d28a1aa 00007fffbb5b9e2c
0x000000656dbff380:   000001a68d28ee16 000000656dbff388
0x000000656dbff390:   000001a6b31deaf8 000000656dbff410
0x000000656dbff3a0:   000001a6b31e9798 0000000000000000 

Instructions: (pc=0x00007fffb1c977e0)
0x00007fffb1c976e0:   90 00 00 00 4c 8b b4 24 a0 00 00 00 48 8b 9c 24
0x00007fffb1c976f0:   a8 00 00 00 48 83 c4 60 41 5f 41 5d 41 5c 5f 5e
0x00007fffb1c97700:   c3 4c 8b 4f 40 8b c3 48 8b 4f 50 49 2b c9 48 c1
0x00007fffb1c97710:   f9 02 85 c9 0f 49 c1 c1 e0 02 3b e8 72 0e 8b d5
0x00007fffb1c97720:   48 8b cf e8 d8 27 21 00 4c 8b 4f 40 8b c5 45 89
0x00007fffb1c97730:   61 04 c1 e0 0b 83 c8 06 41 89 71 08 41 89 01 45
0x00007fffb1c97740:   89 69 0c 4d 89 79 10 38 9c 24 98 00 00 00 0f 84
0x00007fffb1c97750:   15 01 00 00 4c 8b 57 40 41 8d 4f 0f 83 e1 f0 49
0x00007fffb1c97760:   83 c2 18 41 2b cf 0f 57 db d1 f9 49 8b c7 44 8b
0x00007fffb1c97770:   c6 66 0f 7f 5c 24 50 49 8d 52 04 03 ca 49 8d 52
0x00007fffb1c97780:   04 f7 d9 83 e1 0f 48 03 d1 4c 8b e2 41 f6 c7 0f
0x00007fffb1c97790:   74 1b 45 85 c0 74 16 8b 08 41 ff c8 66 89 0a 0b
0x00007fffb1c977a0:   d9 48 83 c2 02 48 83 c0 04 a8 0f 75 e5 41 83 f8
0x00007fffb1c977b0:   08 7e 71 66 0f 6f 25 85 5d 68 01 41 8d 48 f7 66
0x00007fffb1c977c0:   0f 6f 2d 89 5d 68 01 c1 e9 03 ff c1 44 8b d9 f7
0x00007fffb1c977d0:   d9 45 8d 04 c8 66 66 66 0f 1f 84 00 00 00 00 00
0x00007fffb1c977e0:   f3 0f 6f 10 f3 0f 6f 48 10 66 0f 6f c2 66 0f eb
0x00007fffb1c977f0:   c3 48 83 c0 20 66 0f 6f d8 66 0f eb d9 0f 18 00
0x00007fffb1c97800:   66 0f fe d4 66 0f fe cc 66 0f 6b d1 66 0f fd d5
0x00007fffb1c97810:   f3 0f 7f 12 48 83 c2 10 49 83 eb 01 75 c2 66 0f
0x00007fffb1c97820:   7f 5c 24 50 8b 4c 24 5c 0b 4c 24 58 0b 4c 24 54
0x00007fffb1c97830:   0b 4c 24 50 0b d9 45 85 c0 74 1a 0f 1f 44 00 00
0x00007fffb1c97840:   8b 08 0b d9 66 89 0a 48 8d 52 02 48 8d 40 04 41
0x00007fffb1c97850:   83 e8 01 75 eb 45 2b e2 45 89 22 f7 c3 00 00 ff
0x00007fffb1c97860:   ff 74 46 ff 87 6c f0 55 00 48 8b 5f 40 49 8b d7
0x00007fffb1c97870:   4d 63 c6 48 8d 4b 1c e8 c4 ad 97 00 c7 43 18 04
0x00007fffb1c97880:   00 00 00 48 63 c5 48 83 e0 fc 48 01 47 40 48 8b
0x00007fffb1c97890:   47 40 48 3b 47 48 0f 82 40 fe ff ff 48 8b cf e8
0x00007fffb1c978a0:   9c 22 21 00 e9 33 fe ff ff 41 c7 41 0c 03 14 00
0x00007fffb1c978b0:   00 41 8b 2a 48 8b 47 40 83 c5 03 8d 6c 75 00 83
0x00007fffb1c978c0:   e5 fc 83 c5 18 8b cd c1 e1 0b 83 c9 06 89 08 8b
0x00007fffb1c978d0:   87 6c f0 55 00 85 c0 74 aa ff c8 89 87 6c f0 55 


Stack slot to memory mapping:
stack at sp + 0 slots: 0x000001a684d6d0e0 is a thread
stack at sp + 1 slots: 0x000000656dbff410 is pointing into the stack for thread: 0x000001a684d6d0e0
stack at sp + 2 slots: 0x000000656dbff3d0 is pointing into the stack for thread: 0x000001a684d6d0e0
stack at sp + 3 slots: 0x00007fffbb33d9a7 jvm.dll
stack at sp + 4 slots: 0x000000656dbff2f0 is pointing into the stack for thread: 0x000001a684d6d0e0
stack at sp + 5 slots: 0x000001a682ad0520 points into unknown readable memory: 0x0000000000000002 | 02 00 00 00 00 00 00 00
stack at sp + 6 slots: 0x000000000017555d is an unknown value
stack at sp + 7 slots: 0x000001a68d2ae1d1 is at code_begin+4177 in 
[CodeBlob (0x000001a68d2ad110)]
Framesize: 0
BufferBlob (0x000001a68d2ad110) used for native signature handlers


---------------  P R O C E S S  ---------------

Threads class SMR info:
_java_thread_list=0x000001a6b9c49c50, length=15, elements={
0x000001a684d6d0e0, 0x000001a6b29e5950, 0x000001a6b29e6520, 0x000001a6b29fc700,
0x000001a6b29ff1c0, 0x000001a6b29ffc70, 0x000001a6b2a06d90, 0x000001a6b2a08570,
0x000001a6b2a3bf30, 0x000001a6b33bb8e0, 0x000001a6b32c1280, 0x000001a6b33c03a0,
0x000001a6b352f310, 0x000001a6b353a620, 0x000001a6b9c611d0
}

Java Threads: ( => current thread )
=>0x000001a684d6d0e0 JavaThread "main" [_thread_in_native, id=23608, stack(0x000000656db00000,0x000000656dc00000)]
  0x000001a6b29e5950 JavaThread "Reference Handler" daemon [_thread_blocked, id=23856, stack(0x000000656e200000,0x000000656e300000)]
  0x000001a6b29e6520 JavaThread "Finalizer" daemon [_thread_blocked, id=23784, stack(0x000000656e300000,0x000000656e400000)]
  0x000001a6b29fc700 JavaThread "Signal Dispatcher" daemon [_thread_blocked, id=23864, stack(0x000000656e400000,0x000000656e500000)]
  0x000001a6b29ff1c0 JavaThread "Attach Listener" daemon [_thread_blocked, id=12604, stack(0x000000656e500000,0x000000656e600000)]
  0x000001a6b29ffc70 JavaThread "Service Thread" daemon [_thread_blocked, id=22812, stack(0x000000656e600000,0x000000656e700000)]
  0x000001a6b2a06d90 JavaThread "C2 CompilerThread0" daemon [_thread_blocked, id=16156, stack(0x000000656e700000,0x000000656e800000)]
  0x000001a6b2a08570 JavaThread "C1 CompilerThread0" daemon [_thread_blocked, id=23900, stack(0x000000656e800000,0x000000656e900000)]
  0x000001a6b2a3bf30 JavaThread "Sweeper thread" daemon [_thread_blocked, id=21056, stack(0x000000656e900000,0x000000656ea00000)]
  0x000001a6b33bb8e0 JavaThread "Common-Cleaner" daemon [_thread_blocked, id=24244, stack(0x000000656ea00000,0x000000656eb00000)]
  0x000001a6b32c1280 JavaThread "C1 CompilerThread1" daemon [_thread_blocked, id=3768, stack(0x000000656eb00000,0x000000656ec00000)]
  0x000001a6b33c03a0 JavaThread "C1 CompilerThread2" daemon [_thread_blocked, id=23152, stack(0x000000656ec00000,0x000000656ed00000)]
  0x000001a6b352f310 JavaThread "Monitor Ctrl-Break" daemon [_thread_in_native, id=23452, stack(0x000000656ee00000,0x000000656ef00000)]
  0x000001a6b353a620 JavaThread "Notification Thread" daemon [_thread_blocked, id=14180, stack(0x000000656ef00000,0x000000656f000000)]
  0x000001a6b9c611d0 JavaThread "C1 CompilerThread3" daemon [_thread_blocked, id=11084, stack(0x000000656f700000,0x000000656f800000)]

Other Threads:
  0x000001a6b29e20c0 VMThread "VM Thread" [stack: 0x000000656e100000,0x000000656e200000] [id=4356]
  0x000001a684d6e020 WatcherThread [stack: 0x000000656f000000,0x000000656f100000] [id=23612]
  0x000001a684de7de0 GCTaskThread "GC Thread#0" [stack: 0x000000656dc00000,0x000000656dd00000] [id=23148]
  0x000001a684df8e80 ConcurrentGCThread "G1 Main Marker" [stack: 0x000000656dd00000,0x000000656de00000] [id=18528]
  0x000001a684dfa2b0 ConcurrentGCThread "G1 Conc#0" [stack: 0x000000656de00000,0x000000656df00000] [id=8696]
  0x000001a6b28da520 ConcurrentGCThread "G1 Refine#0" [stack: 0x000000656df00000,0x000000656e000000] [id=24084]
  0x000001a6b28dbde0 ConcurrentGCThread "G1 Young RemSet Sampling" [stack: 0x000000656e000000,0x000000656e100000] [id=5084]

Threads with active compile tasks:

VM state: not at safepoint (normal execution)

VM Mutex/Monitor currently owned by a thread: None

Heap address: 0x0000000601400000, size: 8172 MB, Compressed Oops mode: Zero based, Oop shift amount: 3
CDS archive(s) mapped at: [0x0000000800000000-0x0000000800b50000-0x0000000800b50000), size 11862016, SharedBaseAddress: 0x0000000800000000, ArchiveRelocationMode: 0.
Compressed class space mapped at: 0x0000000800b50000-0x0000000840b50000, size: 1073741824
Narrow klass base: 0x0000000800000000, Narrow klass shift: 3, Narrow klass range: 0x100000000

GC Precious Log:
 CPUs: 16 total, 16 available
 Memory: 32680M
 Large Page Support: Disabled
 NUMA Support: Disabled
 Compressed Oops: Enabled (Zero based)
 Heap Region Size: 4M
 Heap Min Capacity: 8M
 Heap Initial Capacity: 512M
 Heap Max Capacity: 8172M
 Pre-touch: Disabled
 Parallel Workers: 13
 Concurrent Workers: 3
 Concurrent Refinement Workers: 13
 Periodic GC: Disabled

Heap:
 garbage-first heap   total 524288K, used 12288K [0x0000000601400000, 0x0000000800000000)
  region size 4096K, 4 young (16384K), 0 survivors (0K)
 Metaspace       used 6303K, capacity 8651K, committed 8832K, reserved 1056768K
  class space    used 373K, capacity 606K, committed 640K, reserved 1048576K

Heap Regions: E=young(eden), S=young(survivor), O=old, HS=humongous(starts), HC=humongous(continues), CS=collection set, F=free, OA=open archive, CA=closed archive, TAMS=top-at-mark-start (previous, next)
|   0|0x0000000601400000, 0x0000000601400000, 0x0000000601800000|  0%| F|  |TAMS 0x0000000601400000, 0x0000000601400000| Untracked 
|   1|0x0000000601800000, 0x0000000601800000, 0x0000000601c00000|  0%| F|  |TAMS 0x0000000601800000, 0x0000000601800000| Untracked 
|   2|0x0000000601c00000, 0x0000000601c00000, 0x0000000602000000|  0%| F|  |TAMS 0x0000000601c00000, 0x0000000601c00000| Untracked 
|   3|0x0000000602000000, 0x0000000602000000, 0x0000000602400000|  0%| F|  |TAMS 0x0000000602000000, 0x0000000602000000| Untracked 
|   4|0x0000000602400000, 0x0000000602400000, 0x0000000602800000|  0%| F|  |TAMS 0x0000000602400000, 0x0000000602400000| Untracked 
|   5|0x0000000602800000, 0x0000000602800000, 0x0000000602c00000|  0%| F|  |TAMS 0x0000000602800000, 0x0000000602800000| Untracked 
|   6|0x0000000602c00000, 0x0000000602c00000, 0x0000000603000000|  0%| F|  |TAMS 0x0000000602c00000, 0x0000000602c00000| Untracked 
|   7|0x0000000603000000, 0x0000000603000000, 0x0000000603400000|  0%| F|  |TAMS 0x0000000603000000, 0x0000000603000000| Untracked 
|   8|0x0000000603400000, 0x0000000603400000, 0x0000000603800000|  0%| F|  |TAMS 0x0000000603400000, 0x0000000603400000| Untracked 
|   9|0x0000000603800000, 0x0000000603800000, 0x0000000603c00000|  0%| F|  |TAMS 0x0000000603800000, 0x0000000603800000| Untracked 
|  10|0x0000000603c00000, 0x0000000603c00000, 0x0000000604000000|  0%| F|  |TAMS 0x0000000603c00000, 0x0000000603c00000| Untracked 
|  11|0x0000000604000000, 0x0000000604000000, 0x0000000604400000|  0%| F|  |TAMS 0x0000000604000000, 0x0000000604000000| Untracked 
|  12|0x0000000604400000, 0x0000000604400000, 0x0000000604800000|  0%| F|  |TAMS 0x0000000604400000, 0x0000000604400000| Untracked 
|  13|0x0000000604800000, 0x0000000604800000, 0x0000000604c00000|  0%| F|  |TAMS 0x0000000604800000, 0x0000000604800000| Untracked 
|  14|0x0000000604c00000, 0x0000000604c00000, 0x0000000605000000|  0%| F|  |TAMS 0x0000000604c00000, 0x0000000604c00000| Untracked 
|  15|0x0000000605000000, 0x0000000605000000, 0x0000000605400000|  0%| F|  |TAMS 0x0000000605000000, 0x0000000605000000| Untracked 
|  16|0x0000000605400000, 0x0000000605400000, 0x0000000605800000|  0%| F|  |TAMS 0x0000000605400000, 0x0000000605400000| Untracked 
|  17|0x0000000605800000, 0x0000000605800000, 0x0000000605c00000|  0%| F|  |TAMS 0x0000000605800000, 0x0000000605800000| Untracked 
|  18|0x0000000605c00000, 0x0000000605c00000, 0x0000000606000000|  0%| F|  |TAMS 0x0000000605c00000, 0x0000000605c00000| Untracked 
|  19|0x0000000606000000, 0x0000000606000000, 0x0000000606400000|  0%| F|  |TAMS 0x0000000606000000, 0x0000000606000000| Untracked 
|  20|0x0000000606400000, 0x0000000606400000, 0x0000000606800000|  0%| F|  |TAMS 0x0000000606400000, 0x0000000606400000| Untracked 
|  21|0x0000000606800000, 0x0000000606800000, 0x0000000606c00000|  0%| F|  |TAMS 0x0000000606800000, 0x0000000606800000| Untracked 
|  22|0x0000000606c00000, 0x0000000606c00000, 0x0000000607000000|  0%| F|  |TAMS 0x0000000606c00000, 0x0000000606c00000| Untracked 
|  23|0x0000000607000000, 0x0000000607000000, 0x0000000607400000|  0%| F|  |TAMS 0x0000000607000000, 0x0000000607000000| Untracked 
|  24|0x0000000607400000, 0x0000000607400000, 0x0000000607800000|  0%| F|  |TAMS 0x0000000607400000, 0x0000000607400000| Untracked 
|  25|0x0000000607800000, 0x0000000607800000, 0x0000000607c00000|  0%| F|  |TAMS 0x0000000607800000, 0x0000000607800000| Untracked 
|  26|0x0000000607c00000, 0x0000000607c00000, 0x0000000608000000|  0%| F|  |TAMS 0x0000000607c00000, 0x0000000607c00000| Untracked 
|  27|0x0000000608000000, 0x0000000608000000, 0x0000000608400000|  0%| F|  |TAMS 0x0000000608000000, 0x0000000608000000| Untracked 
|  28|0x0000000608400000, 0x0000000608400000, 0x0000000608800000|  0%| F|  |TAMS 0x0000000608400000, 0x0000000608400000| Untracked 
|  29|0x0000000608800000, 0x0000000608800000, 0x0000000608c00000|  0%| F|  |TAMS 0x0000000608800000, 0x0000000608800000| Untracked 
|  30|0x0000000608c00000, 0x0000000608c00000, 0x0000000609000000|  0%| F|  |TAMS 0x0000000608c00000, 0x0000000608c00000| Untracked 
|  31|0x0000000609000000, 0x0000000609000000, 0x0000000609400000|  0%| F|  |TAMS 0x0000000609000000, 0x0000000609000000| Untracked 
|  32|0x0000000609400000, 0x0000000609400000, 0x0000000609800000|  0%| F|  |TAMS 0x0000000609400000, 0x0000000609400000| Untracked 
|  33|0x0000000609800000, 0x0000000609800000, 0x0000000609c00000|  0%| F|  |TAMS 0x0000000609800000, 0x0000000609800000| Untracked 
|  34|0x0000000609c00000, 0x0000000609c00000, 0x000000060a000000|  0%| F|  |TAMS 0x0000000609c00000, 0x0000000609c00000| Untracked 
|  35|0x000000060a000000, 0x000000060a000000, 0x000000060a400000|  0%| F|  |TAMS 0x000000060a000000, 0x000000060a000000| Untracked 
|  36|0x000000060a400000, 0x000000060a400000, 0x000000060a800000|  0%| F|  |TAMS 0x000000060a400000, 0x000000060a400000| Untracked 
|  37|0x000000060a800000, 0x000000060a800000, 0x000000060ac00000|  0%| F|  |TAMS 0x000000060a800000, 0x000000060a800000| Untracked 
|  38|0x000000060ac00000, 0x000000060ac00000, 0x000000060b000000|  0%| F|  |TAMS 0x000000060ac00000, 0x000000060ac00000| Untracked 
|  39|0x000000060b000000, 0x000000060b000000, 0x000000060b400000|  0%| F|  |TAMS 0x000000060b000000, 0x000000060b000000| Untracked 
|  40|0x000000060b400000, 0x000000060b400000, 0x000000060b800000|  0%| F|  |TAMS 0x000000060b400000, 0x000000060b400000| Untracked 
|  41|0x000000060b800000, 0x000000060b800000, 0x000000060bc00000|  0%| F|  |TAMS 0x000000060b800000, 0x000000060b800000| Untracked 
|  42|0x000000060bc00000, 0x000000060bc00000, 0x000000060c000000|  0%| F|  |TAMS 0x000000060bc00000, 0x000000060bc00000| Untracked 
|  43|0x000000060c000000, 0x000000060c000000, 0x000000060c400000|  0%| F|  |TAMS 0x000000060c000000, 0x000000060c000000| Untracked 
|  44|0x000000060c400000, 0x000000060c400000, 0x000000060c800000|  0%| F|  |TAMS 0x000000060c400000, 0x000000060c400000| Untracked 
|  45|0x000000060c800000, 0x000000060c800000, 0x000000060cc00000|  0%| F|  |TAMS 0x000000060c800000, 0x000000060c800000| Untracked 
|  46|0x000000060cc00000, 0x000000060cc00000, 0x000000060d000000|  0%| F|  |TAMS 0x000000060cc00000, 0x000000060cc00000| Untracked 
|  47|0x000000060d000000, 0x000000060d000000, 0x000000060d400000|  0%| F|  |TAMS 0x000000060d000000, 0x000000060d000000| Untracked 
|  48|0x000000060d400000, 0x000000060d400000, 0x000000060d800000|  0%| F|  |TAMS 0x000000060d400000, 0x000000060d400000| Untracked 
|  49|0x000000060d800000, 0x000000060d800000, 0x000000060dc00000|  0%| F|  |TAMS 0x000000060d800000, 0x000000060d800000| Untracked 
|  50|0x000000060dc00000, 0x000000060dc00000, 0x000000060e000000|  0%| F|  |TAMS 0x000000060dc00000, 0x000000060dc00000| Untracked 
|  51|0x000000060e000000, 0x000000060e000000, 0x000000060e400000|  0%| F|  |TAMS 0x000000060e000000, 0x000000060e000000| Untracked 
|  52|0x000000060e400000, 0x000000060e400000, 0x000000060e800000|  0%| F|  |TAMS 0x000000060e400000, 0x000000060e400000| Untracked 
|  53|0x000000060e800000, 0x000000060e800000, 0x000000060ec00000|  0%| F|  |TAMS 0x000000060e800000, 0x000000060e800000| Untracked 
|  54|0x000000060ec00000, 0x000000060ec00000, 0x000000060f000000|  0%| F|  |TAMS 0x000000060ec00000, 0x000000060ec00000| Untracked 
|  55|0x000000060f000000, 0x000000060f000000, 0x000000060f400000|  0%| F|  |TAMS 0x000000060f000000, 0x000000060f000000| Untracked 
|  56|0x000000060f400000, 0x000000060f400000, 0x000000060f800000|  0%| F|  |TAMS 0x000000060f400000, 0x000000060f400000| Untracked 
|  57|0x000000060f800000, 0x000000060f800000, 0x000000060fc00000|  0%| F|  |TAMS 0x000000060f800000, 0x000000060f800000| Untracked 
|  58|0x000000060fc00000, 0x000000060fc00000, 0x0000000610000000|  0%| F|  |TAMS 0x000000060fc00000, 0x000000060fc00000| Untracked 
|  59|0x0000000610000000, 0x0000000610000000, 0x0000000610400000|  0%| F|  |TAMS 0x0000000610000000, 0x0000000610000000| Untracked 
|  60|0x0000000610400000, 0x0000000610400000, 0x0000000610800000|  0%| F|  |TAMS 0x0000000610400000, 0x0000000610400000| Untracked 
|  61|0x0000000610800000, 0x0000000610800000, 0x0000000610c00000|  0%| F|  |TAMS 0x0000000610800000, 0x0000000610800000| Untracked 
|  62|0x0000000610c00000, 0x0000000610c00000, 0x0000000611000000|  0%| F|  |TAMS 0x0000000610c00000, 0x0000000610c00000| Untracked 
|  63|0x0000000611000000, 0x0000000611000000, 0x0000000611400000|  0%| F|  |TAMS 0x0000000611000000, 0x0000000611000000| Untracked 
|  64|0x0000000611400000, 0x0000000611400000, 0x0000000611800000|  0%| F|  |TAMS 0x0000000611400000, 0x0000000611400000| Untracked 
|  65|0x0000000611800000, 0x0000000611800000, 0x0000000611c00000|  0%| F|  |TAMS 0x0000000611800000, 0x0000000611800000| Untracked 
|  66|0x0000000611c00000, 0x0000000611c00000, 0x0000000612000000|  0%| F|  |TAMS 0x0000000611c00000, 0x0000000611c00000| Untracked 
|  67|0x0000000612000000, 0x0000000612000000, 0x0000000612400000|  0%| F|  |TAMS 0x0000000612000000, 0x0000000612000000| Untracked 
|  68|0x0000000612400000, 0x0000000612400000, 0x0000000612800000|  0%| F|  |TAMS 0x0000000612400000, 0x0000000612400000| Untracked 
|  69|0x0000000612800000, 0x0000000612800000, 0x0000000612c00000|  0%| F|  |TAMS 0x0000000612800000, 0x0000000612800000| Untracked 
|  70|0x0000000612c00000, 0x0000000612c00000, 0x0000000613000000|  0%| F|  |TAMS 0x0000000612c00000, 0x0000000612c00000| Untracked 
|  71|0x0000000613000000, 0x0000000613000000, 0x0000000613400000|  0%| F|  |TAMS 0x0000000613000000, 0x0000000613000000| Untracked 
|  72|0x0000000613400000, 0x0000000613400000, 0x0000000613800000|  0%| F|  |TAMS 0x0000000613400000, 0x0000000613400000| Untracked 
|  73|0x0000000613800000, 0x0000000613800000, 0x0000000613c00000|  0%| F|  |TAMS 0x0000000613800000, 0x0000000613800000| Untracked 
|  74|0x0000000613c00000, 0x0000000613c00000, 0x0000000614000000|  0%| F|  |TAMS 0x0000000613c00000, 0x0000000613c00000| Untracked 
|  75|0x0000000614000000, 0x0000000614000000, 0x0000000614400000|  0%| F|  |TAMS 0x0000000614000000, 0x0000000614000000| Untracked 
|  76|0x0000000614400000, 0x0000000614400000, 0x0000000614800000|  0%| F|  |TAMS 0x0000000614400000, 0x0000000614400000| Untracked 
|  77|0x0000000614800000, 0x0000000614800000, 0x0000000614c00000|  0%| F|  |TAMS 0x0000000614800000, 0x0000000614800000| Untracked 
|  78|0x0000000614c00000, 0x0000000614c00000, 0x0000000615000000|  0%| F|  |TAMS 0x0000000614c00000, 0x0000000614c00000| Untracked 
|  79|0x0000000615000000, 0x0000000615000000, 0x0000000615400000|  0%| F|  |TAMS 0x0000000615000000, 0x0000000615000000| Untracked 
|  80|0x0000000615400000, 0x0000000615400000, 0x0000000615800000|  0%| F|  |TAMS 0x0000000615400000, 0x0000000615400000| Untracked 
|  81|0x0000000615800000, 0x0000000615800000, 0x0000000615c00000|  0%| F|  |TAMS 0x0000000615800000, 0x0000000615800000| Untracked 
|  82|0x0000000615c00000, 0x0000000615c00000, 0x0000000616000000|  0%| F|  |TAMS 0x0000000615c00000, 0x0000000615c00000| Untracked 
|  83|0x0000000616000000, 0x0000000616000000, 0x0000000616400000|  0%| F|  |TAMS 0x0000000616000000, 0x0000000616000000| Untracked 
|  84|0x0000000616400000, 0x0000000616400000, 0x0000000616800000|  0%| F|  |TAMS 0x0000000616400000, 0x0000000616400000| Untracked 
|  85|0x0000000616800000, 0x0000000616800000, 0x0000000616c00000|  0%| F|  |TAMS 0x0000000616800000, 0x0000000616800000| Untracked 
|  86|0x0000000616c00000, 0x0000000616c00000, 0x0000000617000000|  0%| F|  |TAMS 0x0000000616c00000, 0x0000000616c00000| Untracked 
|  87|0x0000000617000000, 0x0000000617000000, 0x0000000617400000|  0%| F|  |TAMS 0x0000000617000000, 0x0000000617000000| Untracked 
|  88|0x0000000617400000, 0x0000000617400000, 0x0000000617800000|  0%| F|  |TAMS 0x0000000617400000, 0x0000000617400000| Untracked 
|  89|0x0000000617800000, 0x0000000617800000, 0x0000000617c00000|  0%| F|  |TAMS 0x0000000617800000, 0x0000000617800000| Untracked 
|  90|0x0000000617c00000, 0x0000000617c00000, 0x0000000618000000|  0%| F|  |TAMS 0x0000000617c00000, 0x0000000617c00000| Untracked 
|  91|0x0000000618000000, 0x0000000618000000, 0x0000000618400000|  0%| F|  |TAMS 0x0000000618000000, 0x0000000618000000| Untracked 
|  92|0x0000000618400000, 0x0000000618400000, 0x0000000618800000|  0%| F|  |TAMS 0x0000000618400000, 0x0000000618400000| Untracked 
|  93|0x0000000618800000, 0x0000000618800000, 0x0000000618c00000|  0%| F|  |TAMS 0x0000000618800000, 0x0000000618800000| Untracked 
|  94|0x0000000618c00000, 0x0000000618c00000, 0x0000000619000000|  0%| F|  |TAMS 0x0000000618c00000, 0x0000000618c00000| Untracked 
|  95|0x0000000619000000, 0x0000000619000000, 0x0000000619400000|  0%| F|  |TAMS 0x0000000619000000, 0x0000000619000000| Untracked 
|  96|0x0000000619400000, 0x0000000619400000, 0x0000000619800000|  0%| F|  |TAMS 0x0000000619400000, 0x0000000619400000| Untracked 
|  97|0x0000000619800000, 0x0000000619800000, 0x0000000619c00000|  0%| F|  |TAMS 0x0000000619800000, 0x0000000619800000| Untracked 
|  98|0x0000000619c00000, 0x0000000619c00000, 0x000000061a000000|  0%| F|  |TAMS 0x0000000619c00000, 0x0000000619c00000| Untracked 
|  99|0x000000061a000000, 0x000000061a000000, 0x000000061a400000|  0%| F|  |TAMS 0x000000061a000000, 0x000000061a000000| Untracked 
| 100|0x000000061a400000, 0x000000061a400000, 0x000000061a800000|  0%| F|  |TAMS 0x000000061a400000, 0x000000061a400000| Untracked 
| 101|0x000000061a800000, 0x000000061a800000, 0x000000061ac00000|  0%| F|  |TAMS 0x000000061a800000, 0x000000061a800000| Untracked 
| 102|0x000000061ac00000, 0x000000061ac00000, 0x000000061b000000|  0%| F|  |TAMS 0x000000061ac00000, 0x000000061ac00000| Untracked 
| 103|0x000000061b000000, 0x000000061b000000, 0x000000061b400000|  0%| F|  |TAMS 0x000000061b000000, 0x000000061b000000| Untracked 
| 104|0x000000061b400000, 0x000000061b400000, 0x000000061b800000|  0%| F|  |TAMS 0x000000061b400000, 0x000000061b400000| Untracked 
| 105|0x000000061b800000, 0x000000061b800000, 0x000000061bc00000|  0%| F|  |TAMS 0x000000061b800000, 0x000000061b800000| Untracked 
| 106|0x000000061bc00000, 0x000000061bc00000, 0x000000061c000000|  0%| F|  |TAMS 0x000000061bc00000, 0x000000061bc00000| Untracked 
| 107|0x000000061c000000, 0x000000061c000000, 0x000000061c400000|  0%| F|  |TAMS 0x000000061c000000, 0x000000061c000000| Untracked 
| 108|0x000000061c400000, 0x000000061c400000, 0x000000061c800000|  0%| F|  |TAMS 0x000000061c400000, 0x000000061c400000| Untracked 
| 109|0x000000061c800000, 0x000000061c800000, 0x000000061cc00000|  0%| F|  |TAMS 0x000000061c800000, 0x000000061c800000| Untracked 
| 110|0x000000061cc00000, 0x000000061cc00000, 0x000000061d000000|  0%| F|  |TAMS 0x000000061cc00000, 0x000000061cc00000| Untracked 
| 111|0x000000061d000000, 0x000000061d000000, 0x000000061d400000|  0%| F|  |TAMS 0x000000061d000000, 0x000000061d000000| Untracked 
| 112|0x000000061d400000, 0x000000061d400000, 0x000000061d800000|  0%| F|  |TAMS 0x000000061d400000, 0x000000061d400000| Untracked 
| 113|0x000000061d800000, 0x000000061d800000, 0x000000061dc00000|  0%| F|  |TAMS 0x000000061d800000, 0x000000061d800000| Untracked 
| 114|0x000000061dc00000, 0x000000061dc00000, 0x000000061e000000|  0%| F|  |TAMS 0x000000061dc00000, 0x000000061dc00000| Untracked 
| 115|0x000000061e000000, 0x000000061e000000, 0x000000061e400000|  0%| F|  |TAMS 0x000000061e000000, 0x000000061e000000| Untracked 
| 116|0x000000061e400000, 0x000000061e400000, 0x000000061e800000|  0%| F|  |TAMS 0x000000061e400000, 0x000000061e400000| Untracked 
| 117|0x000000061e800000, 0x000000061e800000, 0x000000061ec00000|  0%| F|  |TAMS 0x000000061e800000, 0x000000061e800000| Untracked 
| 118|0x000000061ec00000, 0x000000061ec00000, 0x000000061f000000|  0%| F|  |TAMS 0x000000061ec00000, 0x000000061ec00000| Untracked 
| 119|0x000000061f000000, 0x000000061f000000, 0x000000061f400000|  0%| F|  |TAMS 0x000000061f000000, 0x000000061f000000| Untracked 
| 120|0x000000061f400000, 0x000000061f400000, 0x000000061f800000|  0%| F|  |TAMS 0x000000061f400000, 0x000000061f400000| Untracked 
| 121|0x000000061f800000, 0x000000061f800000, 0x000000061fc00000|  0%| F|  |TAMS 0x000000061f800000, 0x000000061f800000| Untracked 
| 122|0x000000061fc00000, 0x000000061fc00000, 0x0000000620000000|  0%| F|  |TAMS 0x000000061fc00000, 0x000000061fc00000| Untracked 
| 123|0x0000000620000000, 0x0000000620000000, 0x0000000620400000|  0%| F|  |TAMS 0x0000000620000000, 0x0000000620000000| Untracked 
| 124|0x0000000620400000, 0x0000000620800000, 0x0000000620800000|100%| E|  |TAMS 0x0000000620400000, 0x0000000620400000| Complete 
| 125|0x0000000620800000, 0x0000000620c00000, 0x0000000620c00000|100%| E|CS|TAMS 0x0000000620800000, 0x0000000620800000| Complete 
| 126|0x0000000620c00000, 0x0000000621000000, 0x0000000621000000|100%| E|CS|TAMS 0x0000000620c00000, 0x0000000620c00000| Complete 
| 127|0x0000000621000000, 0x0000000621400000, 0x0000000621400000|100%| E|CS|TAMS 0x0000000621000000, 0x0000000621000000| Complete 

Card table byte_map: [0x000001a69db00000,0x000001a69eb00000] _byte_map_base: 0x000001a69aaf6000

Marking Bits (Prev, Next): (CMBitMap*) 0x000001a684de85d0, (CMBitMap*) 0x000001a684de8610
 Prev Bits: [0x000001a69fb00000, 0x000001a6a7ab0000)
 Next Bits: [0x000001a6a7ab0000, 0x000001a6afa60000)

Polling page: 0x000001a682a80000

Metaspace:

Usage:
  Non-class:      7.86 MB capacity,     5.79 MB ( 74%) used,     2.06 MB ( 26%) free+waste,     6.31 KB ( <1%) overhead. 
      Class:    606.00 KB capacity,   373.09 KB ( 62%) used,   230.97 KB ( 38%) free+waste,     1.94 KB ( <1%) overhead. 
       Both:      8.45 MB capacity,     6.16 MB ( 73%) used,     2.28 MB ( 27%) free+waste,     8.25 KB ( <1%) overhead. 

Virtual space:
  Non-class space:        8.00 MB reserved,       8.00 MB (100%) committed 
      Class space:        1.00 GB reserved,     640.00 KB ( <1%) committed 
             Both:        1.01 GB reserved,       8.63 MB ( <1%) committed 

Chunk freelists:
   Non-Class:  83.00 KB
       Class:  2.00 KB
        Both:  85.00 KB

MaxMetaspaceSize: 17179869184.00 GB
CompressedClassSpaceSize: 1.00 GB

CodeHeap 'non-profiled nmethods': size=119168Kb used=225Kb max_used=225Kb free=118942Kb
 bounds [0x000001a694e20000, 0x000001a695090000, 0x000001a69c280000]
CodeHeap 'profiled nmethods': size=119104Kb used=1494Kb max_used=1494Kb free=117609Kb
 bounds [0x000001a68d9d0000, 0x000001a68dc40000, 0x000001a694e20000]
CodeHeap 'non-nmethods': size=7488Kb used=3293Kb max_used=3308Kb free=4194Kb
 bounds [0x000001a68d280000, 0x000001a68d5c0000, 0x000001a68d9d0000]
 total_blobs=1855 nmethods=858 adapters=907
 compilation: enabled
              stopped_count=0, restarted_count=0
 full_count=0

Compilation events (20 events):
Event: 1.293 Thread 0x000001a6b32c1280  849       3       jdk.internal.reflect.UnsafeQualifiedFieldAccessorImpl::<init> (11 bytes)
Event: 1.293 Thread 0x000001a6b33c03a0  850       3       jdk.internal.reflect.UnsafeQualifiedLongFieldAccessorImpl::getLong (17 bytes)
Event: 1.293 Thread 0x000001a6b2a08570 nmethod 846 0x000001a68db3da10 code [0x000001a68db3dc00, 0x000001a68db3dfb8]
Event: 1.293 Thread 0x000001a6b2a08570  854       3       org.lwjgl.system.CheckIntrinsics::checkIndex (6 bytes)
Event: 1.293 Thread 0x000001a6b32c1280 nmethod 849 0x000001a68db3e110 code [0x000001a68db3e2c0, 0x000001a68db3e408]
Event: 1.293 Thread 0x000001a6b32c1280  851       3       jdk.internal.reflect.UnsafeFieldAccessorImpl::ensureObj (23 bytes)
Event: 1.293 Thread 0x000001a6b2a08570 nmethod 854 0x000001a68db3e490 code [0x000001a68db3e640, 0x000001a68db3e8a8]
Event: 1.293 Thread 0x000001a6b2a08570  852       3       org.lwjgl.PointerBuffer::put (24 bytes)
Event: 1.293 Thread 0x000001a6b33c03a0 nmethod 850 0x000001a68db3ea10 code [0x000001a68db3ec00, 0x000001a68db3f208]
Event: 1.293 Thread 0x000001a6b33c03a0  853       3       org.lwjgl.system.Checks::check (17 bytes)
Event: 1.293 Thread 0x000001a6b32c1280 nmethod 851 0x000001a68db3f410 code [0x000001a68db3f600, 0x000001a68db3fb08]
Event: 1.293 Thread 0x000001a6b2a08570 nmethod 852 0x000001a68db3fd10 code [0x000001a68db3ff00, 0x000001a68db40318]
Event: 1.293 Thread 0x000001a6b33c03a0 nmethod 853 0x000001a68db40510 code [0x000001a68db406e0, 0x000001a68db40a28]
Event: 1.293 Thread 0x000001a6b9c611d0 nmethod 843 0x000001a68db40b90 code [0x000001a68db411c0, 0x000001a68db43ad8]
Event: 1.297 Thread 0x000001a6b2a06d90  856       4       java.util.HashMap::getNode (150 bytes)
Event: 1.299 Thread 0x000001a6b32c1280  857   !   3       jdk.internal.loader.URLClassPath$JarLoader::checkResource (78 bytes)
Event: 1.299 Thread 0x000001a6b32c1280 nmethod 857 0x000001a68db44810 code [0x000001a68db44a40, 0x000001a68db45448]
Event: 1.300 Thread 0x000001a6b2a06d90 nmethod 856 0x000001a694e57890 code [0x000001a694e57a40, 0x000001a694e58038]
Event: 1.301 Thread 0x000001a6b2a06d90  858       4       sun.misc.Unsafe::putByte (9 bytes)
Event: 1.301 Thread 0x000001a6b2a06d90 nmethod 858 0x000001a694e58390 code [0x000001a694e58500, 0x000001a694e58578]

GC Heap History (0 events):
No events

Deoptimization events (14 events):
Event: 0.095 Thread 0x000001a684d6d0e0 Uncommon trap: trap_request=0xffffff45 fr.pc=0x000001a694e26614 relative=0x0000000000000074
Event: 0.095 Thread 0x000001a684d6d0e0 Uncommon trap: reason=unstable_if action=reinterpret pc=0x000001a694e26614 method=java.lang.String.isLatin1()Z @ 10 c2
Event: 0.095 Thread 0x000001a684d6d0e0 DEOPT PACKING pc=0x000001a694e26614 sp=0x000000656dbff1c0
Event: 0.095 Thread 0x000001a684d6d0e0 DEOPT UNPACKING pc=0x000001a68d2ce42f sp=0x000000656dbff100 mode 2
Event: 0.131 Thread 0x000001a684d6d0e0 Uncommon trap: trap_request=0xffffff45 fr.pc=0x000001a694e3e8e0 relative=0x0000000000000060
Event: 0.131 Thread 0x000001a684d6d0e0 Uncommon trap: reason=unstable_if action=reinterpret pc=0x000001a694e3e8e0 method=java.io.WinNTFileSystem.isSlash(C)Z @ 9 c2
Event: 0.131 Thread 0x000001a684d6d0e0 DEOPT PACKING pc=0x000001a694e3e8e0 sp=0x000000656dbfcc30
Event: 0.131 Thread 0x000001a684d6d0e0 DEOPT UNPACKING pc=0x000001a68d2ce42f sp=0x000000656dbfcbb8 mode 2
Event: 1.128 Thread 0x000001a684d6d0e0 DEOPT PACKING pc=0x000001a68da1df5f sp=0x000000656dbfc8b0
Event: 1.128 Thread 0x000001a684d6d0e0 DEOPT UNPACKING pc=0x000001a68d2ce23f sp=0x000000656dbfbd00 mode 0
Event: 1.132 Thread 0x000001a684d6d0e0 DEOPT PACKING pc=0x000001a68da1df5f sp=0x000000656dbfdf50
Event: 1.132 Thread 0x000001a684d6d0e0 DEOPT UNPACKING pc=0x000001a68d2ce23f sp=0x000000656dbfd3c8 mode 0
Event: 1.277 Thread 0x000001a684d6d0e0 DEOPT PACKING pc=0x000001a68da26ebb sp=0x000000656dbfde80
Event: 1.277 Thread 0x000001a684d6d0e0 DEOPT UNPACKING pc=0x000001a68d2ce23f sp=0x000000656dbfd2f8 mode 0

Classes unloaded (0 events):
No events

Classes redefined (0 events):
No events

Internal exceptions (15 events):
Event: 0.098 Thread 0x000001a6b352f310 Exception <a 'java/lang/NoSuchMethodError'{0x0000000621376740}: 'java.lang.Object java.lang.invoke.DirectMethodHandle$Holder.invokeStatic(java.lang.Object)'> (0x0000000621376740) 
thrown [./src/hotspot/share/interpreter/linkResolver.cpp, line 782]
Event: 0.099 Thread 0x000001a6b352f310 Exception <a 'java/lang/NoSuchMethodError'{0x000000062137a050}: 'java.lang.Object java.lang.invoke.DirectMethodHandle$Holder.invokeStaticInit(java.lang.Object)'> (0x000000062137a050) 
thrown [./src/hotspot/share/interpreter/linkResolver.cpp, line 782]
Event: 0.103 Thread 0x000001a6b352f310 Exception <a 'java/lang/NoSuchMethodError'{0x0000000621387420}: 'void java.lang.invoke.DirectMethodHandle$Holder.invokeStatic(java.lang.Object, java.lang.Object)'> (0x0000000621387420) 
thrown [./src/hotspot/share/interpreter/linkResolver.cpp, line 782]
Event: 0.115 Thread 0x000001a684d6d0e0 Exception <a 'java/lang/NoSuchMethodError'{0x0000000620c8c210}: 'void java.lang.invoke.DirectMethodHandle$Holder.invokeSpecial(java.lang.Object, java.lang.Object, java.lang.Object)'> (0x0000000620c8c210) 
thrown [./src/hotspot/share/interpreter/linkResolver.cpp, line 782]
Event: 0.118 Thread 0x000001a684d6d0e0 Exception <a 'java/lang/NoSuchMethodError'{0x0000000620ca07d8}: 'java.lang.Object java.lang.invoke.DirectMethodHandle$Holder.invokeStatic(java.lang.Object, java.lang.Object, int)'> (0x0000000620ca07d8) 
thrown [./src/hotspot/share/interpreter/linkResolver.cpp, line 782]
Event: 0.119 Thread 0x000001a684d6d0e0 Exception <a 'java/lang/NoSuchMethodError'{0x0000000620cac920}: 'void java.lang.invoke.DelegatingMethodHandle$Holder.delegate(java.lang.Object, java.lang.Object, int, java.lang.Object)'> (0x0000000620cac920) 
thrown [./src/hotspot/share/interpreter/linkResolver.cpp, line 782]
Event: 0.119 Thread 0x000001a684d6d0e0 Exception <a 'java/lang/NoSuchMethodError'{0x0000000620cb0a70}: 'int java.lang.invoke.DirectMethodHandle$Holder.invokeSpecial(java.lang.Object, java.lang.Object, java.lang.Object)'> (0x0000000620cb0a70) 
thrown [./src/hotspot/share/interpreter/linkResolver.cpp, line 782]
Event: 0.145 Thread 0x000001a684d6d0e0 Exception <a 'sun/nio/fs/WindowsException'{0x0000000620d34ab8}> (0x0000000620d34ab8) 
thrown [./src/hotspot/share/prims/jni.cpp, line 578]
Event: 0.146 Thread 0x000001a684d6d0e0 Exception <a 'sun/nio/fs/WindowsException'{0x0000000620d35010}> (0x0000000620d35010) 
thrown [./src/hotspot/share/prims/jni.cpp, line 578]
Event: 0.163 Thread 0x000001a684d6d0e0 Exception <a 'sun/nio/fs/WindowsException'{0x0000000620da86d0}> (0x0000000620da86d0) 
thrown [./src/hotspot/share/prims/jni.cpp, line 578]
Event: 0.163 Thread 0x000001a684d6d0e0 Exception <a 'sun/nio/fs/WindowsException'{0x0000000620da8a40}> (0x0000000620da8a40) 
thrown [./src/hotspot/share/prims/jni.cpp, line 578]
Event: 1.149 Thread 0x000001a684d6d0e0 Exception <a 'sun/nio/fs/WindowsException'{0x0000000620812228}> (0x0000000620812228) 
thrown [./src/hotspot/share/prims/jni.cpp, line 578]
Event: 1.149 Thread 0x000001a684d6d0e0 Exception <a 'sun/nio/fs/WindowsException'{0x00000006208125d8}> (0x00000006208125d8) 
thrown [./src/hotspot/share/prims/jni.cpp, line 578]
Event: 1.151 Thread 0x000001a684d6d0e0 Exception <a 'sun/nio/fs/WindowsException'{0x000000062081f4e8}> (0x000000062081f4e8) 
thrown [./src/hotspot/share/prims/jni.cpp, line 578]
Event: 1.151 Thread 0x000001a684d6d0e0 Exception <a 'sun/nio/fs/WindowsException'{0x000000062081f7d0}> (0x000000062081f7d0) 
thrown [./src/hotspot/share/prims/jni.cpp, line 578]

Events (20 events):
Event: 1.011 loading class sun/util/resources/cldr/TimeZoneNames_en_US
Event: 1.011 loading class sun/util/resources/cldr/TimeZoneNames_en_US done
Event: 1.011 loading class java/util/LinkedHashMap$LinkedKeySet
Event: 1.011 loading class java/util/LinkedHashMap$LinkedKeySet done
Event: 1.011 loading class sun/util/resources/TimeZoneNames
Event: 1.012 loading class sun/util/resources/TimeZoneNames done
Event: 1.012 loading class sun/util/resources/TimeZoneNames_en
Event: 1.012 loading class sun/util/resources/TimeZoneNames_en done
Event: 1.144 Executing VM operation: HandshakeAllThreads
Event: 1.144 Executing VM operation: HandshakeAllThreads done
Event: 1.150 Loaded shared library C:\Users\jonat\AppData\Local\Temp\lwjgljonat\3.2.3-build-13\lwjgl_opengl.dll
Event: 1.178 Loaded shared library C:\Users\jonat\AppData\Local\Temp\lwjgljonat\3.2.3-build-13\lwjgl.dll
Event: 1.185 Loaded shared library C:\Users\jonat\AppData\Local\Temp\lwjgljonat\3.2.3-build-13\lwjgl.dll
Event: 1.203 Loaded shared library C:\Users\jonat\AppData\Local\Temp\lwjgljonat\3.2.3-build-13\lwjgl.dll
Event: 1.272 Loaded shared library C:\Users\jonat\.jdks\corretto-15.0.2\bin\zip.dll
Event: 1.290 loading class jdk/internal/reflect/UnsafeQualifiedLongFieldAccessorImpl
Event: 1.290 loading class jdk/internal/reflect/UnsafeQualifiedFieldAccessorImpl
Event: 1.290 loading class jdk/internal/reflect/UnsafeQualifiedFieldAccessorImpl done
Event: 1.290 loading class jdk/internal/reflect/UnsafeQualifiedLongFieldAccessorImpl done
Event: 1.291 Thread 0x000001a6b9c611d0 Thread added: 0x000001a6b9c611d0


Dynamic libraries:
0x00007ff798ff0000 - 0x00007ff798ffd000 	C:\Users\jonat\.jdks\corretto-15.0.2\bin\java.exe
0x00007ff860990000 - 0x00007ff860b85000 	C:\Windows\SYSTEM32\ntdll.dll
0x00007ff85ee30000 - 0x00007ff85eeed000 	C:\Windows\System32\KERNEL32.DLL
0x00007ff85e6d0000 - 0x00007ff85e998000 	C:\Windows\System32\KERNELBASE.dll
0x00007ff85e410000 - 0x00007ff85e510000 	C:\Windows\System32\ucrtbase.dll
0x00007ff82ad80000 - 0x00007ff82ad98000 	C:\Users\jonat\.jdks\corretto-15.0.2\bin\jli.dll
0x00007ff85b230000 - 0x00007ff85b245000 	C:\Users\jonat\.jdks\corretto-15.0.2\bin\VCRUNTIME140.dll
0x00007ff8605d0000 - 0x00007ff860770000 	C:\Windows\System32\USER32.dll
0x00007ff84af80000 - 0x00007ff84b21a000 	C:\Windows\WinSxS\amd64_microsoft.windows.common-controls_6595b64144ccf1df_6.0.19041.844_none_ca00b6081b84eb1d\COMCTL32.dll
0x00007ff85efd0000 - 0x00007ff85f06e000 	C:\Windows\System32\msvcrt.dll
0x00007ff85e0d0000 - 0x00007ff85e0f2000 	C:\Windows\System32\win32u.dll
0x00007ff85eb10000 - 0x00007ff85eb3a000 	C:\Windows\System32\GDI32.dll
0x00007ff85e5c0000 - 0x00007ff85e6cb000 	C:\Windows\System32\gdi32full.dll
0x00007ff85e370000 - 0x00007ff85e40d000 	C:\Windows\System32\msvcp_win.dll
0x00007ff85f3f0000 - 0x00007ff85f420000 	C:\Windows\System32\IMM32.DLL
0x00007fffe0060000 - 0x00007fffe00fb000 	C:\Users\jonat\.jdks\corretto-15.0.2\bin\msvcp140.dll
0x00007fffbb010000 - 0x00007fffbbba1000 	C:\Users\jonat\.jdks\corretto-15.0.2\bin\server\jvm.dll
0x00007ff85ec70000 - 0x00007ff85ed1c000 	C:\Windows\System32\ADVAPI32.dll
0x00007ff860770000 - 0x00007ff86080b000 	C:\Windows\System32\sechost.dll
0x00007ff85f9b0000 - 0x00007ff85fadb000 	C:\Windows\System32\RPCRT4.dll
0x00007ff85f420000 - 0x00007ff85f428000 	C:\Windows\System32\PSAPI.DLL
0x00007ff849ca0000 - 0x00007ff849ca9000 	C:\Windows\SYSTEM32\WSOCK32.dll
0x00007ff84d910000 - 0x00007ff84d937000 	C:\Windows\SYSTEM32\WINMM.dll
0x00007ff857c70000 - 0x00007ff857c7a000 	C:\Windows\SYSTEM32\VERSION.dll
0x00007ff860870000 - 0x00007ff8608db000 	C:\Windows\System32\WS2_32.dll
0x00007ff85c9f0000 - 0x00007ff85ca02000 	C:\Windows\SYSTEM32\kernel.appcore.dll
0x00007ff841be0000 - 0x00007ff841bea000 	C:\Users\jonat\.jdks\corretto-15.0.2\bin\jimage.dll
0x00007ff85beb0000 - 0x00007ff85c094000 	C:\Windows\SYSTEM32\DBGHELP.DLL
0x00007ff846350000 - 0x00007ff84637c000 	C:\Windows\SYSTEM32\dbgcore.DLL
0x00007ff85e510000 - 0x00007ff85e590000 	C:\Windows\System32\bcryptPrimitives.dll
0x00007ff838cc0000 - 0x00007ff838cce000 	C:\Users\jonat\.jdks\corretto-15.0.2\bin\instrument.dll
0x00007ff81a930000 - 0x00007ff81a955000 	C:\Users\jonat\.jdks\corretto-15.0.2\bin\java.dll
0x00007ff85fb60000 - 0x00007ff8602a2000 	C:\Windows\System32\SHELL32.dll
0x00007ff85c1c0000 - 0x00007ff85c950000 	C:\Windows\SYSTEM32\windows.storage.dll
0x00007ff85f090000 - 0x00007ff85f3e5000 	C:\Windows\System32\combase.dll
0x00007ff85db40000 - 0x00007ff85db6c000 	C:\Windows\SYSTEM32\Wldp.dll
0x00007ff85ed20000 - 0x00007ff85edce000 	C:\Windows\System32\SHCORE.dll
0x00007ff860810000 - 0x00007ff860865000 	C:\Windows\System32\shlwapi.dll
0x00007ff85e010000 - 0x00007ff85e02f000 	C:\Windows\SYSTEM32\profapi.dll
0x00007ff81a910000 - 0x00007ff81a928000 	C:\Users\jonat\.jdks\corretto-15.0.2\bin\zip.dll
0x00007ff827590000 - 0x00007ff8275a9000 	C:\Users\jonat\.jdks\corretto-15.0.2\bin\net.dll
0x00007ff857300000 - 0x00007ff85740b000 	C:\Windows\SYSTEM32\WINHTTP.dll
0x00007ff85d8b0000 - 0x00007ff85d91a000 	C:\Windows\system32\mswsock.dll
0x00007ff8272a0000 - 0x00007ff8272b2000 	C:\Users\jonat\.jdks\corretto-15.0.2\bin\nio.dll
0x00007ff813a90000 - 0x00007ff813aaa000 	C:\Program Files\JetBrains\IntelliJ IDEA Community Edition 2021.1\bin\breakgen64.dll
0x00007ff809260000 - 0x00007ff8092c4000 	C:\Users\jonat\AppData\Local\Temp\lwjgljonat\3.2.3-build-13\lwjgl.dll
0x00007ff8091f0000 - 0x00007ff809252000 	C:\Users\jonat\AppData\Local\Temp\lwjgljonat\3.2.3-build-13\glfw.dll
0x00007ff85b690000 - 0x00007ff85b72e000 	C:\Windows\system32\uxtheme.dll
0x00007ff8093c0000 - 0x00007ff809405000 	C:\Windows\SYSTEM32\dinput8.dll
0x00007ff8373b0000 - 0x00007ff8373c1000 	C:\Windows\SYSTEM32\xinput1_4.dll
0x00007ff85e9a0000 - 0x00007ff85e9ee000 	C:\Windows\System32\cfgmgr32.dll
0x00007ff85de80000 - 0x00007ff85deac000 	C:\Windows\SYSTEM32\DEVOBJ.dll
0x00007ff85bae0000 - 0x00007ff85bb0f000 	C:\Windows\SYSTEM32\dwmapi.dll
0x00007ff8398c0000 - 0x00007ff839a12000 	C:\Windows\SYSTEM32\inputhost.dll
0x00007ff85ef00000 - 0x00007ff85efcd000 	C:\Windows\System32\OLEAUT32.dll
0x00007ff85a0e0000 - 0x00007ff85a234000 	C:\Windows\SYSTEM32\wintypes.dll
0x00007ff85abb0000 - 0x00007ff85aca2000 	C:\Windows\SYSTEM32\CoreMessaging.dll
0x00007ff85af10000 - 0x00007ff85b007000 	C:\Windows\SYSTEM32\PROPSYS.dll
0x00007ff85a850000 - 0x00007ff85abae000 	C:\Windows\SYSTEM32\CoreUIComponents.dll
0x00007ff85ce10000 - 0x00007ff85ce43000 	C:\Windows\SYSTEM32\ntmarta.dll
0x00007ff85e9f0000 - 0x00007ff85eb05000 	C:\Windows\System32\MSCTF.dll
0x00007ff809010000 - 0x00007ff80910b000 	C:\ProgramData\A-Volute\A-Volute.28054DF1F58B4\Modules\ScheduledModules\x64\A-Volute.SonicRadar3DevProps2.dll
0x00007ff85eb40000 - 0x00007ff85ec6a000 	C:\Windows\System32\ole32.dll
0x00007ff813560000 - 0x00007ff81360c000 	C:\ProgramData\A-Volute\A-Volute.28054DF1F58B4\Modules\ScheduledModules\x64\NahimicOSD.dll
0x00007ff83b2f0000 - 0x00007ff83b310000 	C:\ProgramData\A-Volute\A-Volute.28054DF1F58B4\Modules\ScheduledModules\x64\ProductInfo.dll
0x00007ff819320000 - 0x00007ff81941b000 	C:\ProgramData\A-Volute\A-Volute.SonicStudio3\Modules\ScheduledModules\x64\A-Volute.SonicStudio3DevProps2.dll
0x00007ff85c9b0000 - 0x00007ff85c9bd000 	C:\Windows\SYSTEM32\HID.DLL
0x00007ff85f540000 - 0x00007ff85f9a9000 	C:\Windows\System32\SETUPAPI.DLL
0x000001a6b4da0000 - 0x000001a6b4dc7000 	C:\Windows\System32\bcrypt.dll
0x00007ff85e100000 - 0x00007ff85e160000 	C:\Windows\System32\WINTRUST.dll
0x00007ff85e210000 - 0x00007ff85e36f000 	C:\Windows\System32\CRYPT32.dll
0x00007ff85dcc0000 - 0x00007ff85dcd2000 	C:\Windows\SYSTEM32\MSASN1.dll
0x00007ffff7b30000 - 0x00007ffff7c56000 	C:\Windows\SYSTEM32\opengl32.dll
0x00007ff838cd0000 - 0x00007ff838cfc000 	C:\Windows\SYSTEM32\GLU32.dll
0x00007ff85f430000 - 0x00007ff85f4d9000 	C:\Windows\System32\clbcatq.dll
0x00007fffb1470000 - 0x00007fffb3e4e000 	C:\Windows\System32\DriverStore\FileRepository\nv_dispi.inf_amd64_a494df49ba2f9f36\nvoglv64.dll
0x00007ff858910000 - 0x00007ff858924000 	C:\Windows\SYSTEM32\WTSAPI32.dll
0x00007ff857770000 - 0x00007ff8577a1000 	C:\Windows\SYSTEM32\cryptnet.dll
0x00007ff85daa0000 - 0x00007ff85daac000 	C:\Windows\SYSTEM32\cryptbase.dll
0x00007ff854dd0000 - 0x00007ff854e0b000 	C:\Windows\SYSTEM32\dxcore.dll
0x00007ff807c70000 - 0x00007ff807f2e000 	C:\Windows\system32\nvspcap64.dll
0x00007ff85d6c0000 - 0x00007ff85d70b000 	C:\Windows\SYSTEM32\powrprof.dll
0x00007ff85d530000 - 0x00007ff85d542000 	C:\Windows\SYSTEM32\UMPDC.dll
0x00007ff85ce80000 - 0x00007ff85ceda000 	C:\Windows\SYSTEM32\WINSTA.dll
0x00007ff855f30000 - 0x00007ff8560fe000 	C:\Windows\SYSTEM32\d3d9.dll
0x000001a6b4f10000 - 0x000001a6b4f2d000 	C:\Windows\System32\imagehlp.dll
0x00007ff85da80000 - 0x00007ff85da98000 	C:\Windows\SYSTEM32\CRYPTSP.dll
0x00007ff85d1e0000 - 0x00007ff85d214000 	C:\Windows\system32\rsaenh.dll
0x00007ff83b740000 - 0x00007ff83b839000 	C:\Windows\SYSTEM32\textinputframework.dll
0x00007fffbfaf0000 - 0x00007fffbfb49000 	C:\Users\jonat\AppData\Local\Temp\lwjgljonat\3.2.3-build-13\lwjgl_opengl.dll

dbghelp: loaded successfully - version: 4.0.5 - missing functions: none
symbol engine: initialized successfully - sym options: 0x614 - pdb path: .;C:\Users\jonat\.jdks\corretto-15.0.2\bin;C:\Windows\SYSTEM32;C:\Windows\WinSxS\amd64_microsoft.windows.common-controls_6595b64144ccf1df_6.0.19041.844_none_ca00b6081b84eb1d;C:\Users\jonat\.jdks\corretto-15.0.2\bin\server;C:\Program Files\JetBrains\IntelliJ IDEA Community Edition 2021.1\bin;C:\Users\jonat\AppData\Local\Temp\lwjgljonat\3.2.3-build-13;C:\ProgramData\A-Volute\A-Volute.28054DF1F58B4\Modules\ScheduledModules\x64;C:\ProgramData\A-Volute\A-Volute.SonicStudio3\Modules\ScheduledModules\x64;C:\Windows\System32\DriverStore\FileRepository\nv_dispi.inf_amd64_a494df49ba2f9f36

VM Arguments:
jvm_args: -javaagent:C:\Program Files\JetBrains\IntelliJ IDEA Community Edition 2021.1\lib\idea_rt.jar=52775:C:\Program Files\JetBrains\IntelliJ IDEA Community Edition 2021.1\bin -Dfile.encoding=UTF-8 
java_command: cga.exercise.MainKt
java_class_path (initial): C:\Users\jonat\Desktop\Uni und Arbeit\Uni\WI\4. Semester\CGA\assignment1\Assignment1\CGAFramework\build\classes\kotlin\main;C:\Users\jonat\.gradle\caches\modules-2\files-2.1\org.lwjgl\lwjgl-assimp\3.2.3\f62aa07a20afbdd3097efc296c4841e0d29700eb\lwjgl-assimp-3.2.3.jar;C:\Users\jonat\.gradle\caches\modules-2\files-2.1\org.lwjgl\lwjgl-glfw\3.2.3\5e520d5c290c8b012545a8d34fa5db5ab051ea53\lwjgl-glfw-3.2.3.jar;C:\Users\jonat\.gradle\caches\modules-2\files-2.1\org.lwjgl\lwjgl-opengl\3.2.3\bdd534a323d0c8f54969b95e424b6ac8984f7d6e\lwjgl-opengl-3.2.3.jar;C:\Users\jonat\.gradle\caches\modules-2\files-2.1\org.lwjgl\lwjgl-stb\3.2.3\40eccaa4fa86fc815f2e17946a392fb5fdcc286a\lwjgl-stb-3.2.3.jar;C:\Users\jonat\.gradle\caches\modules-2\files-2.1\org.lwjgl\lwjgl\3.2.3\17a59ba0fe8d474ec9dbe0d5db40d2cfe59c4c08\lwjgl-3.2.3.jar;C:\Users\jonat\.gradle\caches\modules-2\files-2.1\org.joml\joml\1.9.24\6dfea02caa5a5dd2f0b6da2abbe0b2edca8c8cb9\joml-1.9.24.jar;C:\Users\jonat\.gradle\caches\modules-2\files-2.1\org.jetbrains.kotlin\kotlin-stdlib-jdk8\1.3.71\4defc79915cf4f78b49bbc4a8f1e80e87767a5b\kotlin-stdlib-jdk8-1.3.71.jar;C:\Users\jonat\.gradle\caches\modules-2\files-2.1\org.jetbrains.kotlin\kotlin-stdlib-jdk7\1.3.71\9180d3aec3f0b2ea6ef0dcf01b464a6e2219e381\kotlin-stdlib-jdk7-1.3.71.jar;C:\Users\jonat\.gradle\caches\modules-2\files-2.1\org.jetbrains.kotlin\kotlin-stdlib\1.3.71\898273189ad22779da6bed88ded39b14cb5fd432\kotlin-stdlib-1.3.71.jar;C:\Users\jonat\.gradle\caches\modules-2\files-2.1\org.jetbrains.kotlin\kotlin-stdlib-common\1.3.71\e71c3fef58e26affeb03d675e91fd8abdd44aa7b\kotlin-stdlib-common-1.3.71.jar;C:\Users\jonat\.gradle\caches\modules-2\files-2.1\org.jetbrains\annotations\13.0\919f0dfe192fb4e063e7dacadee7f8bb9a2672a9\annotations-13.0.jar;C:\Users\jonat\.gradle\caches\modules-2\files-2.1\org.lwjgl\lwjgl-assimp\3.2.3\4e60aeb75f0343c4a9ede4ef8b6b32ca702a00a3\lwjgl-assimp-3.2.3-natives-windows.jar;C:\Users\jonat\.gradle\caches\modules-2\files-2.1\org.lwjgl\l
Launcher Type: SUN_STANDARD

[Global flags]
     intx CICompilerCount                          = 12                                        {product} {ergonomic}
     uint ConcGCThreads                            = 3                                         {product} {ergonomic}
     uint G1ConcRefinementThreads                  = 13                                        {product} {ergonomic}
   size_t G1HeapRegionSize                         = 4194304                                   {product} {ergonomic}
    uintx GCDrainStackTargetSize                   = 64                                        {product} {ergonomic}
   size_t InitialHeapSize                          = 536870912                                 {product} {ergonomic}
   size_t MarkStackSize                            = 4194304                                   {product} {ergonomic}
   size_t MaxHeapSize                              = 8568963072                                {product} {ergonomic}
   size_t MaxNewSize                               = 5138022400                                {product} {ergonomic}
   size_t MinHeapDeltaBytes                        = 4194304                                   {product} {ergonomic}
   size_t MinHeapSize                              = 8388608                                   {product} {ergonomic}
    uintx NonNMethodCodeHeapSize                   = 7602480                                {pd product} {ergonomic}
    uintx NonProfiledCodeHeapSize                  = 122027880                              {pd product} {ergonomic}
    uintx ProfiledCodeHeapSize                     = 122027880                              {pd product} {ergonomic}
    uintx ReservedCodeCacheSize                    = 251658240                              {pd product} {ergonomic}
     bool SegmentedCodeCache                       = true                                      {product} {ergonomic}
   size_t SoftMaxHeapSize                          = 8568963072                             {manageable} {ergonomic}
     bool UseCompressedClassPointers               = true                                 {lp64_product} {ergonomic}
     bool UseCompressedOops                        = true                                 {lp64_product} {ergonomic}
     bool UseG1GC                                  = true                                      {product} {ergonomic}
     bool UseLargePagesIndividualAllocation        = false                                  {pd product} {ergonomic}

Logging:
Log output configuration:
 #0: stdout all=warning uptime,level,tags
 #1: stderr all=off uptime,level,tags

Environment Variables:
PATH=C:\Program Files (x86)\Common Files\Oracle\Java\javapath;C:\Windows\system32;C:\Windows;C:\Windows\System32\Wbem;C:\Windows\System32\WindowsPowerShell\v1.0\;C:\Windows\System32\OpenSSH\;C:\Program Files (x86)\NVIDIA Corporation\PhysX\Common;C:\Program Files\NVIDIA Corporation\NVIDIA NvDLISR;C:\Program Files\dotnet\;C:\Users\jonat\AppData\Local\Microsoft\WindowsApps;
USERNAME=jonat
OS=Windows_NT
PROCESSOR_IDENTIFIER=AMD64 Family 25 Model 33 Stepping 0, AuthenticAMD



---------------  S Y S T E M  ---------------

OS:
 Windows 10 , 64 bit Build 19041 (10.0.19041.928)
OS uptime: 0 days 4:54 hours

CPU: total 16 (initial active 16) (16 cores per cpu, 2 threads per core) family 25 model 33 stepping 0 microcode 0x0, cmov, cx8, fxsr, mmx, sse, sse2, sse3, ssse3, sse4.1, sse4.2, popcnt, vzeroupper, avx, avx2, aes, clmul, erms, 3dnowpref, lzcnt, sse4a, ht, tsc, tscinvbit, tscinv, bmi1, bmi2, adx, sha, fma, clflush, clflushopt

Memory: 4k page, system-wide physical 32680M (18737M free)
TotalPageFile size 37544M (AvailPageFile size 14942M)
current process WorkingSet (physical memory assigned to process): 102M, peak: 102M
current process commit charge ("private bytes"): 710M, peak: 710M

vm_info: OpenJDK 64-Bit Server VM (15.0.2+7) for windows-amd64 JRE (15.0.2+7), built on Jan 20 2021 22:17:45 by "Administrator" with MS VC++ 15.9 (VS2017)

END.
